<?xml version="1.0" encoding="UTF-8"?>
<!-- Generated by org.testng.reporters.JUnitXMLReporter -->
<testsuite hostname="TECHMASST300004" ignored="1" name="Test4" tests="2" failures="0" timestamp="2020-09-09T16:00:35 IST" time="53.299" errors="0">
  <testcase name="@AfterTest teardown" time="6.224" classname="com.test.TC_RemedyIncident_Search">
    <failure type="org.openqa.selenium.ElementClickInterceptedException" message="element click intercepted: Element &amp;lt;div class=&amp;quot;f9&amp;quot; style=&amp;quot;text-decoration: underline;;width:56px&amp;quot;&amp;gt;...&amp;lt;/div&amp;gt; is not clickable at point (1309, 6). Other element would receive the click: &amp;lt;div style=&amp;quot;top: 0px; left: 0px; width: 100%; height: 100%; background-color: black; opacity: 0.2; z-index: 100009; visibility: visible;&amp;quot;&amp;gt;&amp;lt;/div&amp;gt;
  (Session info: chrome=85.0.4183.83)
Build info: version: &amp;apos;3.141.59&amp;apos;, revision: &amp;apos;e82be7d358&amp;apos;, time: &amp;apos;2018-11-14T08:17:03&amp;apos;
System info: host: &amp;apos;TECHMASST300004&amp;apos;, ip: &amp;apos;192.168.0.18&amp;apos;, os.name: &amp;apos;Windows 10&amp;apos;, os.arch: &amp;apos;x86&amp;apos;, os.version: &amp;apos;10.0&amp;apos;, java.version: &amp;apos;1.8.0_211&amp;apos;
Driver info: org.openqa.selenium.chrome.ChromeDriver
Capabilities {acceptInsecureCerts: false, browserName: chrome, browserVersion: 85.0.4183.83, chrome: {chromedriverVersion: 84.0.4147.30 (48b3e868b4cc0..., userDataDir: C:\Users\mehetrr\AppData\Lo...}, goog:chromeOptions: {debuggerAddress: localhost:55354}, javascriptEnabled: true, networkConnectionEnabled: false, pageLoadStrategy: normal, platform: WINDOWS, platformName: WINDOWS, proxy: Proxy(), setWindowRect: true, strictFileInteractability: false, timeouts: {implicit: 0, pageLoad: 300000, script: 30000}, unhandledPromptBehavior: dismiss and notify, webauthn:virtualAuthenticators: true}
Session ID: 66237732e781dd036a543b7c4a90bdfc">
      <![CDATA[org.openqa.selenium.ElementClickInterceptedException: element click intercepted: Element <div class="f9" style="text-decoration: underline;;width:56px">...</div> is not clickable at point (1309, 6). Other element would receive the click: <div style="top: 0px; left: 0px; width: 100%; height: 100%; background-color: black; opacity: 0.2; z-index: 100009; visibility: visible;"></div>
  (Session info: chrome=85.0.4183.83)
Build info: version: '3.141.59', revision: 'e82be7d358', time: '2018-11-14T08:17:03'
System info: host: 'TECHMASST300004', ip: '192.168.0.18', os.name: 'Windows 10', os.arch: 'x86', os.version: '10.0', java.version: '1.8.0_211'
Driver info: org.openqa.selenium.chrome.ChromeDriver
Capabilities {acceptInsecureCerts: false, browserName: chrome, browserVersion: 85.0.4183.83, chrome: {chromedriverVersion: 84.0.4147.30 (48b3e868b4cc0..., userDataDir: C:\Users\mehetrr\AppData\Lo...}, goog:chromeOptions: {debuggerAddress: localhost:55354}, javascriptEnabled: true, networkConnectionEnabled: false, pageLoadStrategy: normal, platform: WINDOWS, platformName: WINDOWS, proxy: Proxy(), setWindowRect: true, strictFileInteractability: false, timeouts: {implicit: 0, pageLoad: 300000, script: 30000}, unhandledPromptBehavior: dismiss and notify, webauthn:virtualAuthenticators: true}
Session ID: 66237732e781dd036a543b7c4a90bdfc
at org.openqa.selenium.remote.http.W3CHttpResponseCodec.createException(W3CHttpResponseCodec.java:187)
at org.openqa.selenium.remote.http.W3CHttpResponseCodec.decode(W3CHttpResponseCodec.java:122)
at org.openqa.selenium.remote.http.W3CHttpResponseCodec.decode(W3CHttpResponseCodec.java:49)
at org.openqa.selenium.remote.HttpCommandExecutor.execute(HttpCommandExecutor.java:158)
at org.openqa.selenium.remote.service.DriverCommandExecutor.execute(DriverCommandExecutor.java:83)
at org.openqa.selenium.remote.RemoteWebDriver.execute(RemoteWebDriver.java:552)
at org.openqa.selenium.remote.RemoteWebElement.execute(RemoteWebElement.java:285)
at org.openqa.selenium.remote.RemoteWebElement.click(RemoteWebElement.java:84)
at com.java.MethodLibrary.logout(MethodLibrary.java:218)
at com.test.TC_RemedyIncident_Search.teardown(TC_RemedyIncident_Search.java:61)
... Removed 28 stack frames]]>
    </failure>
  </testcase> <!-- @AfterTest teardown -->
  <testcase name="openRemedyTest" time="8.741" classname="com.test.TC_RemedyIncident_Search"/>
  <testcase name="test_searchIncDetails" time="34.089" classname="com.test.TC_RemedyIncident_Search"/>
  <testcase name="test_addVendorTask" time="0.0" classname="com.test.TC_RemedyIncident_Search">
    <ignored/>
  </testcase> <!-- test_addVendorTask -->
</testsuite> <!-- Test4 -->
