<?xml version="1.0" encoding="UTF-8"?>
<!-- Generated by org.testng.reporters.JUnitReportReporter -->
<testsuite skipped="0" hostname="TECHMASST300004" name="com.test.TC_ComponentEnrichmentDB" tests="2" failures="1" timestamp="2020-08-18T16:36:40 IST" time="31.497" errors="0">
  <testcase name="openCMDB" time="15.991" classname="com.test.TC_ComponentEnrichmentDB"/>
  <system-out/>
  <testcase name="test_ComponentidDB" time="15.506" classname="com.test.TC_ComponentEnrichmentDB">
    <failure type="java.lang.AssertionError" message="The following asserts failed:
	expected [mnmlw-r730-55.uk.pri.o2.com] but found [9],
	expected [mnmlw-r730-55] but found [Dell],
	expected [Reference – App Server] but found [mnmlw-r730-55],
	expected [Hardware] but found [Reference – App Server],
	expected [Processing Unit] but found [Hardware],
	expected [Server] but found [Processing Unit],
	expected [Dell R730] but found [Server],
	expected [Dell] but found [Dell R730],
	expected [Deployed] but found [],
	expected [Operational] but found [172.20.201.69],
	expected [IT Platforms] but found [Marlow],
	expected [Testing] but found [],
	expected [Reference] but found [],
	expected [Server] but found [Marlow],
	expected [MBN] but found [],
	expected [Marlow] but found [],
	expected [] but found [Marlow],
	expected [] but found [Data Centre],
	expected [Gold] but found [],
	expected [Gold + (24x7 - 4hr response)] but found [],
	expected [No] but found [],
	expected [67HJG52] but found [],
	expected [172.20.201.69] but found [],
	expected [MBN] but found [1],
	expected [] but found [mnmlw-r730-55],
	expected [] but found [BMC_COMPUTERSYSTEM],
	expected [] but found [unknown],
	expected [] but found [OI-F7DB9A12422111E8BCBA000084FA761D]">
      <![CDATA[java.lang.AssertionError: The following asserts failed:
expected [mnmlw-r730-55.uk.pri.o2.com] but found [9],
expected [mnmlw-r730-55] but found [Dell],
expected [Reference – App Server] but found [mnmlw-r730-55],
expected [Hardware] but found [Reference – App Server],
expected [Processing Unit] but found [Hardware],
expected [Server] but found [Processing Unit],
expected [Dell R730] but found [Server],
expected [Dell] but found [Dell R730],
expected [Deployed] but found [],
expected [Operational] but found [172.20.201.69],
expected [IT Platforms] but found [Marlow],
expected [Testing] but found [],
expected [Reference] but found [],
expected [Server] but found [Marlow],
expected [MBN] but found [],
expected [Marlow] but found [],
expected [] but found [Marlow],
expected [] but found [Data Centre],
expected [Gold] but found [],
expected [Gold + (24x7 - 4hr response)] but found [],
expected [No] but found [],
expected [67HJG52] but found [],
expected [172.20.201.69] but found [],
expected [MBN] but found [1],
expected [] but found [mnmlw-r730-55],
expected [] but found [BMC_COMPUTERSYSTEM],
expected [] but found [unknown],
expected [] but found [OI-F7DB9A12422111E8BCBA000084FA761D]
at org.testng.asserts.SoftAssert.assertAll(SoftAssert.java:47)
at org.testng.asserts.SoftAssert.assertAll(SoftAssert.java:31)
at com.java.CMDBUtility.verifyComponentIDDetails(CMDBUtility.java:366)
at com.test.TC_ComponentEnrichmentDB.test_ComponentidDB(TC_ComponentEnrichmentDB.java:85)
at sun.reflect.NativeMethodAccessorImpl.invoke0(Native Method)
at sun.reflect.NativeMethodAccessorImpl.invoke(Unknown Source)
at sun.reflect.DelegatingMethodAccessorImpl.invoke(Unknown Source)
at java.lang.reflect.Method.invoke(Unknown Source)
at org.testng.internal.MethodInvocationHelper.invokeMethod(MethodInvocationHelper.java:132)
at org.testng.internal.TestInvoker.invokeMethod(TestInvoker.java:599)
at org.testng.internal.TestInvoker.invokeTestMethod(TestInvoker.java:174)
at org.testng.internal.MethodRunner.runInSequence(MethodRunner.java:46)
at org.testng.internal.TestInvoker$MethodInvocationAgent.invoke(TestInvoker.java:822)
at org.testng.internal.TestInvoker.invokeTestMethods(TestInvoker.java:147)
at org.testng.internal.TestMethodWorker.invokeTestMethods(TestMethodWorker.java:146)
at org.testng.internal.TestMethodWorker.run(TestMethodWorker.java:128)
at java.util.ArrayList.forEach(Unknown Source)
at org.testng.TestRunner.privateRun(TestRunner.java:764)
at org.testng.TestRunner.run(TestRunner.java:585)
at org.testng.SuiteRunner.runTest(SuiteRunner.java:384)
at org.testng.SuiteRunner.runSequentially(SuiteRunner.java:378)
at org.testng.SuiteRunner.privateRun(SuiteRunner.java:337)
at org.testng.SuiteRunner.run(SuiteRunner.java:286)
at org.testng.SuiteRunnerWorker.runSuite(SuiteRunnerWorker.java:53)
at org.testng.SuiteRunnerWorker.run(SuiteRunnerWorker.java:96)
at org.testng.TestNG.runSuitesSequentially(TestNG.java:1218)
at org.testng.TestNG.runSuitesLocally(TestNG.java:1140)
at org.testng.TestNG.runSuites(TestNG.java:1069)
at org.testng.TestNG.run(TestNG.java:1037)
at org.testng.remote.AbstractRemoteTestNG.run(AbstractRemoteTestNG.java:115)
at org.testng.remote.RemoteTestNG.initAndRun(RemoteTestNG.java:251)
at org.testng.remote.RemoteTestNG.main(RemoteTestNG.java:77)
]]>
    </failure>
  </testcase> <!-- test_ComponentidDB -->
  <system-out/>
</testsuite> <!-- com.test.TC_ComponentEnrichmentDB -->
